<?xml version="1.0" encoding="UTF-8"?>
<!-- Generated by org.testng.reporters.JUnitXMLReporter -->
<testsuite ignored="0" hostname="Dell" failures="1" tests="7" name="EcommerceWebForm Test" time="156.881" errors="0" timestamp="2021-05-25T19:16:29 PKT">
  <testcase classname="com.ecommercewebform.testcases.BaseClass" name="main" time="35.419"/>
  <testcase classname="com.ecommercewebform.testcases.TC_01" name="TC1" time="22.706"/>
  <testcase classname="com.ecommercewebform.testcases.TC_02" name="TC2" time="22.619"/>
  <testcase classname="com.ecommercewebform.testcases.BaseClass" name="main" time="25.173"/>
  <testcase classname="com.ecommercewebform.testcases.TC_03" name="TC3" time="9.605"/>
  <testcase classname="com.ecommercewebform.testcases.BaseClass" name="main" time="22.903"/>
  <testcase classname="com.ecommercewebform.testcases.TC_04" name="TC4" time="15.127">
    <failure type="java.lang.AssertionError" message="expected [true] but found [false]">
      <![CDATA[java.lang.AssertionError: expected [true] but found [false]
at com.ecommercewebform.testcases.TC_04.TC4(TC_04.java:55)
at java.base/java.util.ArrayList.forEach(ArrayList.java:1511)
... Removed 31 stack frames]]>
    </failure>
  </testcase> <!-- TC4 -->
</testsuite> <!-- EcommerceWebForm Test -->
