<?xml version="1.0" encoding="UTF-8"?>
<testng-results ignored="0" total="7" passed="6" failed="1" skipped="0">
  <reporter-output>
  </reporter-output>
  <suite started-at="2021-05-25T19:13:52 PKT" name="EcommerceWebForm" finished-at="2021-05-25T19:16:29 PKT" duration-ms="156881">
    <groups>
    </groups>
    <test started-at="2021-05-25T19:13:52 PKT" name="EcommerceWebForm Test" finished-at="2021-05-25T19:16:29 PKT" duration-ms="156881">
      <class name="com.ecommercewebform.testcases.TC_04">
        <test-method signature="main()[pri:0, instance:com.ecommercewebform.testcases.TC_04@3f197a46]" started-at="2021-05-25T19:15:50 PKT" name="main" finished-at="2021-05-25T19:16:13 PKT" duration-ms="22903" status="PASS">
          <reporter-output>
          </reporter-output>
        </test-method> <!-- main -->
        <test-method signature="TC4()[pri:0, instance:com.ecommercewebform.testcases.TC_04@3f197a46]" started-at="2021-05-25T19:16:13 PKT" name="TC4" finished-at="2021-05-25T19:16:28 PKT" duration-ms="15127" status="FAIL">
          <exception class="java.lang.AssertionError">
            <message>
              <![CDATA[expected [true] but found [false]]]>
            </message>
            <full-stacktrace>
              <![CDATA[java.lang.AssertionError: expected [true] but found [false]
at org.testng.Assert.fail(Assert.java:99)
at org.testng.Assert.failNotEquals(Assert.java:1037)
at org.testng.Assert.assertTrue(Assert.java:45)
at org.testng.Assert.assertTrue(Assert.java:55)
at com.ecommercewebform.testcases.TC_04.TC4(TC_04.java:55)
at java.base/jdk.internal.reflect.NativeMethodAccessorImpl.invoke0(Native Method)
at java.base/jdk.internal.reflect.NativeMethodAccessorImpl.invoke(NativeMethodAccessorImpl.java:64)
at java.base/jdk.internal.reflect.DelegatingMethodAccessorImpl.invoke(DelegatingMethodAccessorImpl.java:43)
at java.base/java.lang.reflect.Method.invoke(Method.java:564)
at org.testng.internal.MethodInvocationHelper.invokeMethod(MethodInvocationHelper.java:133)
at org.testng.internal.TestInvoker.invokeMethod(TestInvoker.java:598)
at org.testng.internal.TestInvoker.invokeTestMethod(TestInvoker.java:173)
at org.testng.internal.MethodRunner.runInSequence(MethodRunner.java:46)
at org.testng.internal.TestInvoker$MethodInvocationAgent.invoke(TestInvoker.java:824)
at org.testng.internal.TestInvoker.invokeTestMethods(TestInvoker.java:146)
at org.testng.internal.TestMethodWorker.invokeTestMethods(TestMethodWorker.java:146)
at org.testng.internal.TestMethodWorker.run(TestMethodWorker.java:128)
at java.base/java.util.ArrayList.forEach(ArrayList.java:1511)
at org.testng.TestRunner.privateRun(TestRunner.java:794)
at org.testng.TestRunner.run(TestRunner.java:596)
at org.testng.SuiteRunner.runTest(SuiteRunner.java:377)
at org.testng.SuiteRunner.runSequentially(SuiteRunner.java:371)
at org.testng.SuiteRunner.privateRun(SuiteRunner.java:332)
at org.testng.SuiteRunner.run(SuiteRunner.java:276)
at org.testng.SuiteRunnerWorker.runSuite(SuiteRunnerWorker.java:53)
at org.testng.SuiteRunnerWorker.run(SuiteRunnerWorker.java:96)
at org.testng.TestNG.runSuitesSequentially(TestNG.java:1212)
at org.testng.TestNG.runSuitesLocally(TestNG.java:1134)
at org.testng.TestNG.runSuites(TestNG.java:1063)
at org.testng.TestNG.run(TestNG.java:1031)
at org.testng.remote.AbstractRemoteTestNG.run(AbstractRemoteTestNG.java:115)
at org.testng.remote.RemoteTestNG.initAndRun(RemoteTestNG.java:251)
at org.testng.remote.RemoteTestNG.main(RemoteTestNG.java:77)
]]>
            </full-stacktrace>
          </exception> <!-- java.lang.AssertionError -->
          <reporter-output>
          </reporter-output>
        </test-method> <!-- TC4 -->
        <test-method is-config="true" signature="tearDown()[pri:0, instance:com.ecommercewebform.testcases.TC_04@3f197a46]" started-at="2021-05-25T19:16:28 PKT" name="tearDown" finished-at="2021-05-25T19:16:29 PKT" duration-ms="820" status="PASS">
          <reporter-output>
          </reporter-output>
        </test-method> <!-- tearDown -->
      </class> <!-- com.ecommercewebform.testcases.TC_04 -->
      <class name="com.ecommercewebform.testcases.TC_02">
        <test-method signature="TC2()[pri:0, instance:com.ecommercewebform.testcases.TC_02@7a69b07]" started-at="2021-05-25T19:14:51 PKT" name="TC2" finished-at="2021-05-25T19:15:14 PKT" duration-ms="22619" status="PASS">
          <reporter-output>
          </reporter-output>
        </test-method> <!-- TC2 -->
        <test-method is-config="true" signature="tearDown()[pri:0, instance:com.ecommercewebform.testcases.TC_02@7a69b07]" started-at="2021-05-25T19:15:14 PKT" name="tearDown" finished-at="2021-05-25T19:15:15 PKT" duration-ms="786" status="PASS">
          <reporter-output>
          </reporter-output>
        </test-method> <!-- tearDown -->
      </class> <!-- com.ecommercewebform.testcases.TC_02 -->
      <class name="com.ecommercewebform.testcases.TC_03">
        <test-method signature="main()[pri:0, instance:com.ecommercewebform.testcases.TC_03@5e82df6a]" started-at="2021-05-25T19:15:15 PKT" name="main" finished-at="2021-05-25T19:15:40 PKT" duration-ms="25173" status="PASS">
          <reporter-output>
          </reporter-output>
        </test-method> <!-- main -->
        <test-method signature="TC3()[pri:0, instance:com.ecommercewebform.testcases.TC_03@5e82df6a]" started-at="2021-05-25T19:15:40 PKT" name="TC3" finished-at="2021-05-25T19:15:50 PKT" duration-ms="9605" status="PASS">
          <reporter-output>
          </reporter-output>
        </test-method> <!-- TC3 -->
        <test-method is-config="true" signature="tearDown()[pri:0, instance:com.ecommercewebform.testcases.TC_03@5e82df6a]" started-at="2021-05-25T19:15:50 PKT" name="tearDown" finished-at="2021-05-25T19:15:50 PKT" duration-ms="838" status="PASS">
          <reporter-output>
          </reporter-output>
        </test-method> <!-- tearDown -->
      </class> <!-- com.ecommercewebform.testcases.TC_03 -->
      <class name="com.ecommercewebform.testcases.TC_01">
        <test-method signature="main()[pri:0, instance:com.ecommercewebform.testcases.TC_01@6fe7aac8]" started-at="2021-05-25T19:13:52 PKT" name="main" finished-at="2021-05-25T19:14:28 PKT" duration-ms="35419" status="PASS">
          <reporter-output>
          </reporter-output>
        </test-method> <!-- main -->
        <test-method signature="TC1()[pri:0, instance:com.ecommercewebform.testcases.TC_01@6fe7aac8]" started-at="2021-05-25T19:14:28 PKT" name="TC1" finished-at="2021-05-25T19:14:51 PKT" duration-ms="22706" status="PASS">
          <reporter-output>
          </reporter-output>
        </test-method> <!-- TC1 -->
        <test-method is-config="true" signature="tearDown()[pri:0, instance:com.ecommercewebform.testcases.TC_01@6fe7aac8]" started-at="2021-05-25T19:14:51 PKT" name="tearDown" finished-at="2021-05-25T19:14:51 PKT" duration-ms="806" status="PASS">
          <reporter-output>
          </reporter-output>
        </test-method> <!-- tearDown -->
      </class> <!-- com.ecommercewebform.testcases.TC_01 -->
    </test> <!-- EcommerceWebForm Test -->
  </suite> <!-- EcommerceWebForm -->
</testng-results>
